[2023-07-08T01:44:44.719+0000] {taskinstance.py:1103} INFO - Dependencies all met for dep_context=non-requeueable deps ti=<TaskInstance: dag_scrap_biobio_v12.scrap_data manual__2023-07-08T01:44:42.576938+00:00 [queued]>
[2023-07-08T01:44:44.726+0000] {taskinstance.py:1103} INFO - Dependencies all met for dep_context=requeueable deps ti=<TaskInstance: dag_scrap_biobio_v12.scrap_data manual__2023-07-08T01:44:42.576938+00:00 [queued]>
[2023-07-08T01:44:44.726+0000] {taskinstance.py:1308} INFO - Starting attempt 1 of 1
[2023-07-08T01:44:44.762+0000] {taskinstance.py:1327} INFO - Executing <Task(_PythonVirtualenvDecoratedOperator): scrap_data> on 2023-07-08 01:44:42.576938+00:00
[2023-07-08T01:44:44.767+0000] {standard_task_runner.py:57} INFO - Started process 4121 to run task
[2023-07-08T01:44:44.770+0000] {standard_task_runner.py:84} INFO - Running: ['***', 'tasks', 'run', 'dag_scrap_biobio_v12', 'scrap_data', 'manual__2023-07-08T01:44:42.576938+00:00', '--job-id', '139', '--raw', '--subdir', 'DAGS_FOLDER/dag_scrap_biobio.py', '--cfg-path', '/tmp/tmpuk3dwlfv']
[2023-07-08T01:44:44.770+0000] {standard_task_runner.py:85} INFO - Job 139: Subtask scrap_data
[2023-07-08T01:44:44.829+0000] {task_command.py:410} INFO - Running <TaskInstance: dag_scrap_biobio_v12.scrap_data manual__2023-07-08T01:44:42.576938+00:00 [running]> on host 3371e7602d27
[2023-07-08T01:44:44.921+0000] {taskinstance.py:1547} INFO - Exporting env vars: AIRFLOW_CTX_DAG_OWNER='***' AIRFLOW_CTX_DAG_ID='dag_scrap_biobio_v12' AIRFLOW_CTX_TASK_ID='scrap_data' AIRFLOW_CTX_EXECUTION_DATE='2023-07-08T01:44:42.576938+00:00' AIRFLOW_CTX_TRY_NUMBER='1' AIRFLOW_CTX_DAG_RUN_ID='manual__2023-07-08T01:44:42.576938+00:00'
[2023-07-08T01:44:44.922+0000] {process_utils.py:181} INFO - Executing cmd: /usr/local/bin/python -m virtualenv /tmp/venvtvwqc0hz
[2023-07-08T01:44:44.933+0000] {process_utils.py:185} INFO - Output:
[2023-07-08T01:44:45.649+0000] {process_utils.py:189} INFO - created virtual environment CPython3.7.17.final.0-64 in 169ms
[2023-07-08T01:44:45.649+0000] {process_utils.py:189} INFO -   creator CPython3Posix(dest=/tmp/venvtvwqc0hz, clear=False, no_vcs_ignore=False, global=False)
[2023-07-08T01:44:45.650+0000] {process_utils.py:189} INFO -   seeder FromAppData(download=False, pip=bundle, setuptools=bundle, wheel=bundle, via=copy, app_data_dir=/home/***/.local/share/virtualenv)
[2023-07-08T01:44:45.650+0000] {process_utils.py:189} INFO -     added seed packages: pip==23.1.2, setuptools==67.8.0, wheel==0.40.0
[2023-07-08T01:44:45.650+0000] {process_utils.py:189} INFO -   activators BashActivator,CShellActivator,FishActivator,NushellActivator,PowerShellActivator,PythonActivator
[2023-07-08T01:44:45.677+0000] {process_utils.py:181} INFO - Executing cmd: /tmp/venvtvwqc0hz/bin/pip install -r /tmp/venvtvwqc0hz/requirements.txt
[2023-07-08T01:44:45.687+0000] {process_utils.py:185} INFO - Output:
[2023-07-08T01:44:46.615+0000] {process_utils.py:189} INFO - WARNING: The directory '/home/***/.cache/pip' or its parent directory is not owned or is not writable by the current user. The cache has been disabled. Check the permissions and owner of that directory. If executing pip with sudo, you should use sudo's -H flag.
[2023-07-08T01:44:46.835+0000] {process_utils.py:189} INFO - Collecting selenium (from -r /tmp/venvtvwqc0hz/requirements.txt (line 1))
[2023-07-08T01:44:46.974+0000] {process_utils.py:189} INFO -   Downloading selenium-4.10.0-py3-none-any.whl (6.7 MB)
[2023-07-08T01:44:47.201+0000] {process_utils.py:189} INFO -      ━━━━━━━━━━━━━━━━━━━━━━━━━━━━━━━━━━━━━━━━ 6.7/6.7 MB 29.8 MB/s eta 0:00:00
[2023-07-08T01:44:47.265+0000] {process_utils.py:189} INFO - Collecting dateparser (from -r /tmp/venvtvwqc0hz/requirements.txt (line 2))
[2023-07-08T01:44:47.296+0000] {process_utils.py:189} INFO -   Downloading dateparser-1.1.8-py2.py3-none-any.whl (293 kB)
[2023-07-08T01:44:47.308+0000] {process_utils.py:189} INFO -      ━━━━━━━━━━━━━━━━━━━━━━━━━━━━━━━━━━━━━━ 293.8/293.8 kB 29.3 MB/s eta 0:00:00
[2023-07-08T01:44:47.389+0000] {process_utils.py:189} INFO - Collecting urllib3[socks]<3,>=1.26 (from selenium->-r /tmp/venvtvwqc0hz/requirements.txt (line 1))
[2023-07-08T01:44:47.411+0000] {process_utils.py:189} INFO -   Downloading urllib3-2.0.3-py3-none-any.whl (123 kB)
[2023-07-08T01:44:47.418+0000] {process_utils.py:189} INFO -      ━━━━━━━━━━━━━━━━━━━━━━━━━━━━━━━━━━━━━━ 123.6/123.6 kB 32.7 MB/s eta 0:00:00
[2023-07-08T01:44:47.467+0000] {process_utils.py:189} INFO - Collecting trio~=0.17 (from selenium->-r /tmp/venvtvwqc0hz/requirements.txt (line 1))
[2023-07-08T01:44:47.494+0000] {process_utils.py:189} INFO -   Downloading trio-0.22.1-py3-none-any.whl (399 kB)
[2023-07-08T01:44:47.500+0000] {process_utils.py:189} INFO -      ━━━━━━━━━━━━━━━━━━━━━━━━━━━━━━━━━━━━━━ 399.3/399.3 kB 88.5 MB/s eta 0:00:00
[2023-07-08T01:44:47.544+0000] {process_utils.py:189} INFO - Collecting trio-websocket~=0.9 (from selenium->-r /tmp/venvtvwqc0hz/requirements.txt (line 1))
[2023-07-08T01:44:47.576+0000] {process_utils.py:189} INFO -   Downloading trio_websocket-0.10.3-py3-none-any.whl (17 kB)
[2023-07-08T01:44:47.629+0000] {process_utils.py:189} INFO - Collecting certifi>=2021.10.8 (from selenium->-r /tmp/venvtvwqc0hz/requirements.txt (line 1))
[2023-07-08T01:44:47.658+0000] {process_utils.py:189} INFO -   Downloading certifi-2023.5.7-py3-none-any.whl (156 kB)
[2023-07-08T01:44:47.663+0000] {process_utils.py:189} INFO -      ━━━━━━━━━━━━━━━━━━━━━━━━━━━━━━━━━━━━━━ 157.0/157.0 kB 57.7 MB/s eta 0:00:00
[2023-07-08T01:44:47.706+0000] {process_utils.py:189} INFO - Collecting python-dateutil (from dateparser->-r /tmp/venvtvwqc0hz/requirements.txt (line 2))
[2023-07-08T01:44:47.734+0000] {process_utils.py:189} INFO -   Downloading python_dateutil-2.8.2-py2.py3-none-any.whl (247 kB)
[2023-07-08T01:44:47.741+0000] {process_utils.py:189} INFO -      ━━━━━━━━━━━━━━━━━━━━━━━━━━━━━━━━━━━━━━ 247.7/247.7 kB 58.9 MB/s eta 0:00:00
[2023-07-08T01:44:47.882+0000] {process_utils.py:189} INFO - Collecting pytz (from dateparser->-r /tmp/venvtvwqc0hz/requirements.txt (line 2))
[2023-07-08T01:44:47.907+0000] {process_utils.py:189} INFO -   Downloading pytz-2023.3-py2.py3-none-any.whl (502 kB)
[2023-07-08T01:44:47.926+0000] {process_utils.py:189} INFO -      ━━━━━━━━━━━━━━━━━━━━━━━━━━━━━━━━━━━━━━ 502.3/502.3 kB 32.3 MB/s eta 0:00:00
[2023-07-08T01:44:48.633+0000] {process_utils.py:189} INFO - Collecting regex!=2019.02.19,!=2021.8.27 (from dateparser->-r /tmp/venvtvwqc0hz/requirements.txt (line 2))
[2023-07-08T01:44:48.654+0000] {process_utils.py:189} INFO -   Downloading regex-2023.6.3-cp37-cp37m-manylinux_2_17_x86_64.manylinux2014_x86_64.whl (755 kB)
[2023-07-08T01:44:48.673+0000] {process_utils.py:189} INFO -      ━━━━━━━━━━━━━━━━━━━━━━━━━━━━━━━━━━━━━━ 755.7/755.7 kB 46.4 MB/s eta 0:00:00
[2023-07-08T01:44:48.725+0000] {process_utils.py:189} INFO - Collecting tzlocal (from dateparser->-r /tmp/venvtvwqc0hz/requirements.txt (line 2))
[2023-07-08T01:44:48.750+0000] {process_utils.py:189} INFO -   Downloading tzlocal-5.0.1-py3-none-any.whl (20 kB)
[2023-07-08T01:44:48.813+0000] {process_utils.py:189} INFO - Collecting attrs>=20.1.0 (from trio~=0.17->selenium->-r /tmp/venvtvwqc0hz/requirements.txt (line 1))
[2023-07-08T01:44:48.844+0000] {process_utils.py:189} INFO -   Downloading attrs-23.1.0-py3-none-any.whl (61 kB)
[2023-07-08T01:44:48.848+0000] {process_utils.py:189} INFO -      ━━━━━━━━━━━━━━━━━━━━━━━━━━━━━━━━━━━━━━━━ 61.2/61.2 kB 28.0 MB/s eta 0:00:00
[2023-07-08T01:44:48.890+0000] {process_utils.py:189} INFO - Collecting sortedcontainers (from trio~=0.17->selenium->-r /tmp/venvtvwqc0hz/requirements.txt (line 1))
[2023-07-08T01:44:48.914+0000] {process_utils.py:189} INFO -   Downloading sortedcontainers-2.4.0-py2.py3-none-any.whl (29 kB)
[2023-07-08T01:44:48.964+0000] {process_utils.py:189} INFO - Collecting idna (from trio~=0.17->selenium->-r /tmp/venvtvwqc0hz/requirements.txt (line 1))
[2023-07-08T01:44:48.989+0000] {process_utils.py:189} INFO -   Downloading idna-3.4-py3-none-any.whl (61 kB)
[2023-07-08T01:44:48.994+0000] {process_utils.py:189} INFO -      ━━━━━━━━━━━━━━━━━━━━━━━━━━━━━━━━━━━━━━━━ 61.5/61.5 kB 18.6 MB/s eta 0:00:00
[2023-07-08T01:44:49.032+0000] {process_utils.py:189} INFO - Collecting outcome (from trio~=0.17->selenium->-r /tmp/venvtvwqc0hz/requirements.txt (line 1))
[2023-07-08T01:44:49.060+0000] {process_utils.py:189} INFO -   Downloading outcome-1.2.0-py2.py3-none-any.whl (9.7 kB)
[2023-07-08T01:44:49.094+0000] {process_utils.py:189} INFO - Collecting sniffio (from trio~=0.17->selenium->-r /tmp/venvtvwqc0hz/requirements.txt (line 1))
[2023-07-08T01:44:49.122+0000] {process_utils.py:189} INFO -   Downloading sniffio-1.3.0-py3-none-any.whl (10 kB)
[2023-07-08T01:44:49.174+0000] {process_utils.py:189} INFO - Collecting exceptiongroup>=1.0.0rc9 (from trio~=0.17->selenium->-r /tmp/venvtvwqc0hz/requirements.txt (line 1))
[2023-07-08T01:44:49.197+0000] {process_utils.py:189} INFO -   Downloading exceptiongroup-1.1.2-py3-none-any.whl (14 kB)
[2023-07-08T01:44:49.249+0000] {process_utils.py:189} INFO - Collecting wsproto>=0.14 (from trio-websocket~=0.9->selenium->-r /tmp/venvtvwqc0hz/requirements.txt (line 1))
[2023-07-08T01:44:49.274+0000] {process_utils.py:189} INFO -   Downloading wsproto-1.2.0-py3-none-any.whl (24 kB)
[2023-07-08T01:44:49.329+0000] {process_utils.py:189} INFO - Collecting pysocks!=1.5.7,<2.0,>=1.5.6 (from urllib3[socks]<3,>=1.26->selenium->-r /tmp/venvtvwqc0hz/requirements.txt (line 1))
[2023-07-08T01:44:49.359+0000] {process_utils.py:189} INFO -   Downloading PySocks-1.7.1-py3-none-any.whl (16 kB)
[2023-07-08T01:44:49.407+0000] {process_utils.py:189} INFO - Collecting six>=1.5 (from python-dateutil->dateparser->-r /tmp/venvtvwqc0hz/requirements.txt (line 2))
[2023-07-08T01:44:49.430+0000] {process_utils.py:189} INFO -   Downloading six-1.16.0-py2.py3-none-any.whl (11 kB)
[2023-07-08T01:44:49.486+0000] {process_utils.py:189} INFO - Collecting backports.zoneinfo (from tzlocal->dateparser->-r /tmp/venvtvwqc0hz/requirements.txt (line 2))
[2023-07-08T01:44:49.510+0000] {process_utils.py:189} INFO -   Downloading backports.zoneinfo-0.2.1-cp37-cp37m-manylinux1_x86_64.whl (70 kB)
[2023-07-08T01:44:49.513+0000] {process_utils.py:189} INFO -      ━━━━━━━━━━━━━━━━━━━━━━━━━━━━━━━━━━━━━━━━ 70.7/70.7 kB 43.4 MB/s eta 0:00:00
[2023-07-08T01:44:49.619+0000] {process_utils.py:189} INFO - Collecting importlib-metadata (from attrs>=20.1.0->trio~=0.17->selenium->-r /tmp/venvtvwqc0hz/requirements.txt (line 1))
[2023-07-08T01:44:49.659+0000] {process_utils.py:189} INFO -   Downloading importlib_metadata-6.7.0-py3-none-any.whl (22 kB)
[2023-07-08T01:44:49.713+0000] {process_utils.py:189} INFO - Collecting h11<1,>=0.9.0 (from wsproto>=0.14->trio-websocket~=0.9->selenium->-r /tmp/venvtvwqc0hz/requirements.txt (line 1))
[2023-07-08T01:44:49.735+0000] {process_utils.py:189} INFO -   Downloading h11-0.14.0-py3-none-any.whl (58 kB)
[2023-07-08T01:44:49.741+0000] {process_utils.py:189} INFO -      ━━━━━━━━━━━━━━━━━━━━━━━━━━━━━━━━━━━━━━━━ 58.3/58.3 kB 19.2 MB/s eta 0:00:00
[2023-07-08T01:44:49.814+0000] {process_utils.py:189} INFO - Collecting typing-extensions (from h11<1,>=0.9.0->wsproto>=0.14->trio-websocket~=0.9->selenium->-r /tmp/venvtvwqc0hz/requirements.txt (line 1))
[2023-07-08T01:44:49.837+0000] {process_utils.py:189} INFO -   Downloading typing_extensions-4.7.1-py3-none-any.whl (33 kB)
[2023-07-08T01:44:49.928+0000] {process_utils.py:189} INFO - Collecting zipp>=0.5 (from importlib-metadata->attrs>=20.1.0->trio~=0.17->selenium->-r /tmp/venvtvwqc0hz/requirements.txt (line 1))
[2023-07-08T01:44:49.955+0000] {process_utils.py:189} INFO -   Downloading zipp-3.15.0-py3-none-any.whl (6.8 kB)
[2023-07-08T01:44:50.159+0000] {process_utils.py:189} INFO - Installing collected packages: sortedcontainers, pytz, zipp, urllib3, typing-extensions, sniffio, six, regex, pysocks, idna, exceptiongroup, certifi, backports.zoneinfo, tzlocal, python-dateutil, importlib-metadata, h11, wsproto, dateparser, attrs, outcome, trio, trio-websocket, selenium
[2023-07-08T01:44:51.515+0000] {process_utils.py:189} INFO - Successfully installed attrs-23.1.0 backports.zoneinfo-0.2.1 certifi-2023.5.7 dateparser-1.1.8 exceptiongroup-1.1.2 h11-0.14.0 idna-3.4 importlib-metadata-6.7.0 outcome-1.2.0 pysocks-1.7.1 python-dateutil-2.8.2 pytz-2023.3 regex-2023.6.3 selenium-4.10.0 six-1.16.0 sniffio-1.3.0 sortedcontainers-2.4.0 trio-0.22.1 trio-websocket-0.10.3 typing-extensions-4.7.1 tzlocal-5.0.1 urllib3-2.0.3 wsproto-1.2.0 zipp-3.15.0
[2023-07-08T01:44:51.786+0000] {process_utils.py:181} INFO - Executing cmd: /tmp/venvtvwqc0hz/bin/python /tmp/venvtvwqc0hz/script.py /tmp/venvtvwqc0hz/script.in /tmp/venvtvwqc0hz/script.out /tmp/venvtvwqc0hz/string_args.txt
[2023-07-08T01:44:51.796+0000] {process_utils.py:185} INFO - Output:
[2023-07-08T01:49:55.697+0000] {process_utils.py:189} INFO - 1) BROWSER OK
[2023-07-08T01:49:55.698+0000] {process_utils.py:189} INFO - 2) GET OK
[2023-07-08T01:49:55.698+0000] {process_utils.py:189} INFO - 3) BUTTON OK
[2023-07-08T01:49:55.698+0000] {process_utils.py:189} INFO - 4) CLICK OK
[2023-07-08T01:49:55.698+0000] {process_utils.py:189} INFO - 5) FETCH OK
[2023-07-08T01:49:55.698+0000] {process_utils.py:189} INFO - 6) FETCH 2 OK
[2023-07-08T01:49:55.698+0000] {process_utils.py:189} INFO - Loading data...
[2023-07-08T01:49:55.698+0000] {process_utils.py:189} INFO - INSEPECTING ELEMENT
[2023-07-08T01:49:55.699+0000] {process_utils.py:189} INFO - Traceback (most recent call last):
[2023-07-08T01:49:55.699+0000] {process_utils.py:189} INFO -   File "/tmp/venvtvwqc0hz/script.py", line 154, in scrapData
[2023-07-08T01:49:55.699+0000] {process_utils.py:189} INFO -     article_data = getNewsInfo(str(elem.find_element(By.TAG_NAME, 'a').get_attribute('href')))
[2023-07-08T01:49:55.700+0000] {process_utils.py:189} INFO -   File "/tmp/venvtvwqc0hz/script.py", line 59, in getNewsInfo
[2023-07-08T01:49:55.700+0000] {process_utils.py:189} INFO -     with webdriver.Remote(f'{remote_webdriver}:4444/wd/hub', options=options) as browser_links:
[2023-07-08T01:49:55.700+0000] {process_utils.py:189} INFO -   File "/tmp/venvtvwqc0hz/lib/python3.7/site-packages/selenium/webdriver/remote/webdriver.py", line 206, in __init__
[2023-07-08T01:49:55.700+0000] {process_utils.py:189} INFO -     self.start_session(capabilities)
[2023-07-08T01:49:55.701+0000] {process_utils.py:189} INFO -   File "/tmp/venvtvwqc0hz/lib/python3.7/site-packages/selenium/webdriver/remote/webdriver.py", line 291, in start_session
[2023-07-08T01:49:55.701+0000] {process_utils.py:189} INFO -     response = self.execute(Command.NEW_SESSION, caps)["value"]
[2023-07-08T01:49:55.701+0000] {process_utils.py:189} INFO -   File "/tmp/venvtvwqc0hz/lib/python3.7/site-packages/selenium/webdriver/remote/webdriver.py", line 346, in execute
[2023-07-08T01:49:55.701+0000] {process_utils.py:189} INFO -     self.error_handler.check_response(response)
[2023-07-08T01:49:55.701+0000] {process_utils.py:189} INFO -   File "/tmp/venvtvwqc0hz/lib/python3.7/site-packages/selenium/webdriver/remote/errorhandler.py", line 245, in check_response
[2023-07-08T01:49:55.701+0000] {process_utils.py:189} INFO -     raise exception_class(message, screen, stacktrace)
[2023-07-08T01:49:55.702+0000] {process_utils.py:189} INFO - selenium.common.exceptions.SessionNotCreatedException: Message: Could not start a new session. New session request timed out
[2023-07-08T01:49:55.702+0000] {process_utils.py:189} INFO - Host info: host: 'f0a40240d69c', ip: '172.19.0.4'
[2023-07-08T01:49:55.702+0000] {process_utils.py:189} INFO - Build info: version: '4.10.0', revision: 'c14d967899'
[2023-07-08T01:49:55.702+0000] {process_utils.py:189} INFO - System info: os.name: 'Linux', os.arch: 'amd64', os.version: '6.1.11-76060111-generic', java.version: '11.0.18'
[2023-07-08T01:49:55.702+0000] {process_utils.py:189} INFO - Driver info: driver.version: unknown
[2023-07-08T01:49:55.703+0000] {process_utils.py:189} INFO - Stacktrace:
[2023-07-08T01:49:55.703+0000] {process_utils.py:189} INFO -     at org.openqa.selenium.grid.sessionqueue.local.LocalNewSessionQueue.addToQueue (LocalNewSessionQueue.java:213)
[2023-07-08T01:49:55.703+0000] {process_utils.py:189} INFO -     at org.openqa.selenium.grid.sessionqueue.NewSessionQueue.lambda$new$0 (NewSessionQueue.java:68)
[2023-07-08T01:49:55.703+0000] {process_utils.py:189} INFO -     at org.openqa.selenium.remote.http.Route$TemplatizedRoute.handle (Route.java:193)
[2023-07-08T01:49:55.703+0000] {process_utils.py:189} INFO -     at org.openqa.selenium.remote.http.Route.execute (Route.java:69)
[2023-07-08T01:49:55.703+0000] {process_utils.py:189} INFO -     at org.openqa.selenium.remote.http.Route$CombinedRoute.handle (Route.java:347)
[2023-07-08T01:49:55.704+0000] {process_utils.py:189} INFO -     at org.openqa.selenium.remote.http.Route.execute (Route.java:69)
[2023-07-08T01:49:55.704+0000] {process_utils.py:189} INFO -     at org.openqa.selenium.grid.sessionqueue.NewSessionQueue.execute (NewSessionQueue.java:121)
[2023-07-08T01:49:55.704+0000] {process_utils.py:189} INFO -     at org.openqa.selenium.remote.tracing.SpanWrappedHttpHandler.execute (SpanWrappedHttpHandler.java:91)
[2023-07-08T01:49:55.704+0000] {process_utils.py:189} INFO -     at org.openqa.selenium.remote.http.Filter$1.execute (Filter.java:63)
[2023-07-08T01:49:55.704+0000] {process_utils.py:189} INFO -     at org.openqa.selenium.remote.http.Route$CombinedRoute.handle (Route.java:347)
[2023-07-08T01:49:55.705+0000] {process_utils.py:189} INFO -     at org.openqa.selenium.remote.http.Route.execute (Route.java:69)
[2023-07-08T01:49:55.705+0000] {process_utils.py:189} INFO -     at org.openqa.selenium.grid.router.Router.execute (Router.java:87)
[2023-07-08T01:49:55.705+0000] {process_utils.py:189} INFO -     at org.openqa.selenium.grid.web.EnsureSpecCompliantResponseHeaders.lambda$apply$0 (EnsureSpecCompliantResponseHeaders.java:34)
[2023-07-08T01:49:55.705+0000] {process_utils.py:189} INFO -     at org.openqa.selenium.remote.http.Filter$1.execute (Filter.java:63)
[2023-07-08T01:49:55.705+0000] {process_utils.py:189} INFO -     at org.openqa.selenium.remote.http.Route$CombinedRoute.handle (Route.java:347)
[2023-07-08T01:49:55.706+0000] {process_utils.py:189} INFO -     at org.openqa.selenium.remote.http.Route.execute (Route.java:69)
[2023-07-08T01:49:55.706+0000] {process_utils.py:189} INFO -     at org.openqa.selenium.remote.http.Route$NestedRoute.handle (Route.java:271)
[2023-07-08T01:49:55.706+0000] {process_utils.py:189} INFO -     at org.openqa.selenium.remote.http.Route.execute (Route.java:69)
[2023-07-08T01:49:55.706+0000] {process_utils.py:189} INFO -     at org.openqa.selenium.remote.http.Route$CombinedRoute.handle (Route.java:347)
[2023-07-08T01:49:55.706+0000] {process_utils.py:189} INFO -     at org.openqa.selenium.remote.http.Route.execute (Route.java:69)
[2023-07-08T01:49:55.707+0000] {process_utils.py:189} INFO -     at org.openqa.selenium.remote.http.Route$CombinedRoute.handle (Route.java:347)
[2023-07-08T01:49:55.707+0000] {process_utils.py:189} INFO -     at org.openqa.selenium.remote.http.Route.execute (Route.java:69)
[2023-07-08T01:49:55.707+0000] {process_utils.py:189} INFO -     at org.openqa.selenium.remote.http.Route$CombinedRoute.handle (Route.java:347)
[2023-07-08T01:49:55.707+0000] {process_utils.py:189} INFO -     at org.openqa.selenium.remote.http.Route.execute (Route.java:69)
[2023-07-08T01:49:55.707+0000] {process_utils.py:189} INFO -     at org.openqa.selenium.remote.http.Route$CombinedRoute.handle (Route.java:347)
[2023-07-08T01:49:55.707+0000] {process_utils.py:189} INFO -     at org.openqa.selenium.remote.http.Route.execute (Route.java:69)
[2023-07-08T01:49:55.708+0000] {process_utils.py:189} INFO -     at org.openqa.selenium.remote.AddWebDriverSpecHeaders.lambda$apply$0 (AddWebDriverSpecHeaders.java:35)
[2023-07-08T01:49:55.708+0000] {process_utils.py:189} INFO -     at org.openqa.selenium.remote.ErrorFilter.lambda$apply$0 (ErrorFilter.java:44)
[2023-07-08T01:49:55.708+0000] {process_utils.py:189} INFO -     at org.openqa.selenium.remote.http.Filter$1.execute (Filter.java:63)
[2023-07-08T01:49:55.708+0000] {process_utils.py:189} INFO -     at org.openqa.selenium.remote.ErrorFilter.lambda$apply$0 (ErrorFilter.java:44)
[2023-07-08T01:49:55.708+0000] {process_utils.py:189} INFO -     at org.openqa.selenium.remote.http.Filter$1.execute (Filter.java:63)
[2023-07-08T01:49:55.709+0000] {process_utils.py:189} INFO -     at org.openqa.selenium.netty.server.SeleniumHandler.lambda$channelRead0$0 (SeleniumHandler.java:44)
[2023-07-08T01:49:55.709+0000] {process_utils.py:189} INFO -     at java.util.concurrent.Executors$RunnableAdapter.call (Executors.java:515)
[2023-07-08T01:49:55.709+0000] {process_utils.py:189} INFO -     at java.util.concurrent.FutureTask.run (FutureTask.java:264)
[2023-07-08T01:49:55.709+0000] {process_utils.py:189} INFO -     at java.util.concurrent.ThreadPoolExecutor.runWorker (ThreadPoolExecutor.java:1128)
[2023-07-08T01:49:55.710+0000] {process_utils.py:189} INFO -     at java.util.concurrent.ThreadPoolExecutor$Worker.run (ThreadPoolExecutor.java:628)
[2023-07-08T01:49:55.710+0000] {process_utils.py:189} INFO -     at java.lang.Thread.run (Thread.java:829)
[2023-07-08T01:49:55.710+0000] {process_utils.py:189} INFO - 
[2023-07-08T01:49:55.710+0000] {process_utils.py:189} INFO - During handling of the above exception, another exception occurred:
[2023-07-08T01:49:55.710+0000] {process_utils.py:189} INFO - 
[2023-07-08T01:49:55.711+0000] {process_utils.py:189} INFO - Traceback (most recent call last):
[2023-07-08T01:49:55.711+0000] {process_utils.py:189} INFO -   File "/tmp/venvtvwqc0hz/script.py", line 166, in <module>
[2023-07-08T01:49:55.711+0000] {process_utils.py:189} INFO -     res = scrapData(*arg_dict["args"], **arg_dict["kwargs"])
[2023-07-08T01:49:55.711+0000] {process_utils.py:189} INFO -   File "/tmp/venvtvwqc0hz/script.py", line 164, in scrapData
[2023-07-08T01:49:55.711+0000] {process_utils.py:189} INFO -     browser.close()
[2023-07-08T01:49:55.711+0000] {process_utils.py:189} INFO -   File "/tmp/venvtvwqc0hz/lib/python3.7/site-packages/selenium/webdriver/remote/webdriver.py", line 220, in __exit__
[2023-07-08T01:49:55.711+0000] {process_utils.py:189} INFO -     self.quit()
[2023-07-08T01:49:55.711+0000] {process_utils.py:189} INFO -   File "/tmp/venvtvwqc0hz/lib/python3.7/site-packages/selenium/webdriver/remote/webdriver.py", line 468, in quit
[2023-07-08T01:49:55.711+0000] {process_utils.py:189} INFO -     self.execute(Command.QUIT)
[2023-07-08T01:49:55.711+0000] {process_utils.py:189} INFO -   File "/tmp/venvtvwqc0hz/lib/python3.7/site-packages/selenium/webdriver/remote/webdriver.py", line 346, in execute
[2023-07-08T01:49:55.711+0000] {process_utils.py:189} INFO -     self.error_handler.check_response(response)
[2023-07-08T01:49:55.712+0000] {process_utils.py:189} INFO -   File "/tmp/venvtvwqc0hz/lib/python3.7/site-packages/selenium/webdriver/remote/errorhandler.py", line 245, in check_response
[2023-07-08T01:49:55.712+0000] {process_utils.py:189} INFO -     raise exception_class(message, screen, stacktrace)
[2023-07-08T01:49:55.712+0000] {process_utils.py:189} INFO - selenium.common.exceptions.WebDriverException: Message: Unable to route (DELETE) /session/7a1195583b221225cd9bd00e7cac3ff7
[2023-07-08T01:49:55.712+0000] {process_utils.py:189} INFO - 
[2023-07-08T01:49:55.795+0000] {taskinstance.py:1824} ERROR - Task failed with exception
Traceback (most recent call last):
  File "/home/airflow/.local/lib/python3.7/site-packages/airflow/decorators/base.py", line 220, in execute
    return_value = super().execute(context)
  File "/home/airflow/.local/lib/python3.7/site-packages/airflow/operators/python.py", line 374, in execute
    return super().execute(context=serializable_context)
  File "/home/airflow/.local/lib/python3.7/site-packages/airflow/operators/python.py", line 181, in execute
    return_value = self.execute_callable()
  File "/home/airflow/.local/lib/python3.7/site-packages/airflow/operators/python.py", line 578, in execute_callable
    result = self._execute_python_callable_in_subprocess(python_path, tmp_path)
  File "/home/airflow/.local/lib/python3.7/site-packages/airflow/operators/python.py", line 434, in _execute_python_callable_in_subprocess
    os.fspath(string_args_path),
  File "/home/airflow/.local/lib/python3.7/site-packages/airflow/utils/process_utils.py", line 170, in execute_in_subprocess
    execute_in_subprocess_with_kwargs(cmd, cwd=cwd)
  File "/home/airflow/.local/lib/python3.7/site-packages/airflow/utils/process_utils.py", line 193, in execute_in_subprocess_with_kwargs
    raise subprocess.CalledProcessError(exit_code, cmd)
subprocess.CalledProcessError: Command '['/tmp/venvtvwqc0hz/bin/python', '/tmp/venvtvwqc0hz/script.py', '/tmp/venvtvwqc0hz/script.in', '/tmp/venvtvwqc0hz/script.out', '/tmp/venvtvwqc0hz/string_args.txt']' returned non-zero exit status 1.
[2023-07-08T01:49:55.803+0000] {taskinstance.py:1350} INFO - Marking task as FAILED. dag_id=dag_scrap_biobio_v12, task_id=scrap_data, execution_date=20230708T014442, start_date=20230708T014444, end_date=20230708T014955
[2023-07-08T01:49:55.817+0000] {standard_task_runner.py:109} ERROR - Failed to execute job 139 for task scrap_data (Command '['/tmp/venvtvwqc0hz/bin/python', '/tmp/venvtvwqc0hz/script.py', '/tmp/venvtvwqc0hz/script.in', '/tmp/venvtvwqc0hz/script.out', '/tmp/venvtvwqc0hz/string_args.txt']' returned non-zero exit status 1.; 4121)
[2023-07-08T01:49:55.850+0000] {local_task_job_runner.py:225} INFO - Task exited with return code 1
[2023-07-08T01:49:55.867+0000] {taskinstance.py:2653} INFO - 0 downstream tasks scheduled from follow-on schedule check
